<?xml version="1.0" encoding="UTF-8"?>
<testsuite xmlns:xsi="http://www.w3.org/2001/XMLSchema-instance" xsi:noNamespaceSchemaLocation="https://maven.apache.org/surefire/maven-surefire-plugin/xsd/surefire-test-report.xsd" name="Al_Sagredo.github.com.Calculadora2.CalculadoraTest" time="0.057" tests="4" errors="0" skipped="0" failures="0">
  <properties>
[...]
</properties>
  <testcase name="testSumar" classname="Al_Sagredo.github.com.Calculadora2.CalculadoraTest" time="0.043"/>
  <testcase name="testMultiplicar" classname="Al_Sagredo.github.com.Calculadora2.CalculadoraTest" time="0"/>
  <testcase name="testDividir" classname="Al_Sagredo.github.com.Calculadora2.CalculadoraTest" time="0.002"/>
  <testcase name="testRestar" classname="Al_Sagredo.github.com.Calculadora2.CalculadoraTest" time="0.002"/>
</testsuite>